[0.012s] Invoking command in '/home/frederik/Documents/P4/P4Git/AAU_P4_MONITOR_DRONE/ros2_ws/build/my_cpp_py_pkg': CMAKE_PREFIX_PATH=/opt/ros/humble /usr/bin/cmake /home/frederik/Documents/P4/P4Git/AAU_P4_MONITOR_DRONE/ros2_ws/src/my_cpp_py_pkg -DCMAKE_INSTALL_PREFIX=/home/frederik/Documents/P4/P4Git/AAU_P4_MONITOR_DRONE/ros2_ws/install/my_cpp_py_pkg
[0.123s] -- The C compiler identification is GNU 11.4.0
[0.213s] -- The CXX compiler identification is GNU 11.4.0
[0.226s] -- Detecting C compiler ABI info
[0.340s] -- Detecting C compiler ABI info - done
[0.347s] -- Check for working C compiler: /usr/bin/cc - skipped
[0.347s] -- Detecting C compile features
[0.348s] -- Detecting C compile features - done
[0.351s] -- Detecting CXX compiler ABI info
[0.446s] -- Detecting CXX compiler ABI info - done
[0.453s] -- Check for working CXX compiler: /usr/bin/c++ - skipped
[0.453s] -- Detecting CXX compile features
[0.453s] -- Detecting CXX compile features - done
[0.459s] -- Found ament_cmake: 1.3.8 (/opt/ros/humble/share/ament_cmake/cmake)
[0.685s] -- Found Python3: /usr/bin/python3 (found version "3.10.12") found components: Interpreter 
[0.812s] -- Found rclcpp: 16.0.8 (/opt/ros/humble/share/rclcpp/cmake)
[0.881s] -- Found rosidl_generator_c: 3.1.5 (/opt/ros/humble/share/rosidl_generator_c/cmake)
[0.887s] -- Found rosidl_adapter: 3.1.5 (/opt/ros/humble/share/rosidl_adapter/cmake)
[0.896s] -- Found rosidl_generator_cpp: 3.1.5 (/opt/ros/humble/share/rosidl_generator_cpp/cmake)
[0.912s] -- Using all available rosidl_typesupport_c: rosidl_typesupport_fastrtps_c;rosidl_typesupport_introspection_c
[0.933s] -- Using all available rosidl_typesupport_cpp: rosidl_typesupport_fastrtps_cpp;rosidl_typesupport_introspection_cpp
[1.005s] -- Found rmw_implementation_cmake: 6.1.1 (/opt/ros/humble/share/rmw_implementation_cmake/cmake)
[1.008s] -- Found rmw_fastrtps_cpp: 6.2.6 (/opt/ros/humble/share/rmw_fastrtps_cpp/cmake)
[1.174s] -- Found OpenSSL: /usr/lib/x86_64-linux-gnu/libcrypto.so (found version "3.0.2")  
[1.206s] -- Found FastRTPS: /opt/ros/humble/include  
[1.257s] -- Using RMW implementation 'rmw_fastrtps_cpp' as default
[1.268s] -- Looking for pthread.h
[1.371s] -- Looking for pthread.h - found
[1.372s] -- Performing Test CMAKE_HAVE_LIBC_PTHREAD
[1.536s] -- Performing Test CMAKE_HAVE_LIBC_PTHREAD - Success
[1.539s] -- Found Threads: TRUE  
[1.697s] -- Found rclpy: 3.3.12 (/opt/ros/humble/share/rclpy/cmake)
[1.888s] -- Configuring done
[1.904s] -- Generating done
[1.906s] -- Build files have been written to: /home/frederik/Documents/P4/P4Git/AAU_P4_MONITOR_DRONE/ros2_ws/build/my_cpp_py_pkg
[1.916s] Invoked command in '/home/frederik/Documents/P4/P4Git/AAU_P4_MONITOR_DRONE/ros2_ws/build/my_cpp_py_pkg' returned '0': CMAKE_PREFIX_PATH=/opt/ros/humble /usr/bin/cmake /home/frederik/Documents/P4/P4Git/AAU_P4_MONITOR_DRONE/ros2_ws/src/my_cpp_py_pkg -DCMAKE_INSTALL_PREFIX=/home/frederik/Documents/P4/P4Git/AAU_P4_MONITOR_DRONE/ros2_ws/install/my_cpp_py_pkg
[1.920s] Invoking command in '/home/frederik/Documents/P4/P4Git/AAU_P4_MONITOR_DRONE/ros2_ws/build/my_cpp_py_pkg': CMAKE_PREFIX_PATH=/opt/ros/humble /usr/bin/cmake --build /home/frederik/Documents/P4/P4Git/AAU_P4_MONITOR_DRONE/ros2_ws/build/my_cpp_py_pkg -- -j12 -l12
[1.982s] [ 16%] [32mBuilding CXX object CMakeFiles/vicon_node.dir/src/cpp_vicon.cpp.o[0m
[1.990s] [ 33%] [32mBuilding CXX object CMakeFiles/cpp_executable.dir/src/cpp_node.cpp.o[0m
[1.992s] [ 33%] Built target ament_cmake_python_copy_my_cpp_py_pkg
[1.997s] [ 50%] [32mBuilding CXX object CMakeFiles/cpp_talker_node.dir/src/cpp_talker.cpp.o[0m
[2.189s] running egg_info
[2.189s] creating my_cpp_py_pkg.egg-info
[2.190s] writing my_cpp_py_pkg.egg-info/PKG-INFO
[2.190s] writing dependency_links to my_cpp_py_pkg.egg-info/dependency_links.txt
[2.190s] writing top-level names to my_cpp_py_pkg.egg-info/top_level.txt
[2.190s] writing manifest file 'my_cpp_py_pkg.egg-info/SOURCES.txt'
[2.192s] reading manifest file 'my_cpp_py_pkg.egg-info/SOURCES.txt'
[2.193s] writing manifest file 'my_cpp_py_pkg.egg-info/SOURCES.txt'
[2.230s] [ 50%] Built target ament_cmake_python_build_my_cpp_py_pkg_egg
[4.011s] In file included from [01m[K/home/frederik/Documents/P4/P4Git/AAU_P4_MONITOR_DRONE/ros2_ws/src/my_cpp_py_pkg/src/cpp_node.cpp:2[m[K:
[4.012s] [01m[K/home/frederik/Documents/P4/P4Git/AAU_P4_MONITOR_DRONE/ros2_ws/src/my_cpp_py_pkg/include/my_cpp_py_pkg/cpp_header.hpp:[m[K In constructor â€˜[01m[KViconClient::ViconClient()[m[Kâ€™:
[4.012s] [01m[K/home/frederik/Documents/P4/P4Git/AAU_P4_MONITOR_DRONE/ros2_ws/src/my_cpp_py_pkg/include/my_cpp_py_pkg/cpp_header.hpp:37:51:[m[K [01;31m[Kerror: [m[Kcould not convert â€˜[01m[KViconRetimingClient.ViconDataStreamSDK::CPP::RetimingClient::IsConnected()[m[Kâ€™ from â€˜[01m[KViconDataStreamSDK::CPP::Output_IsConnected[m[Kâ€™ to â€˜[01m[Kbool[m[Kâ€™
[4.012s]    37 |             while ([01;31m[KViconRetimingClient.IsConnected()[m[K)
[4.012s]       |                    [01;31m[K~~~~~~~~~~~~~~~~~~~~~~~~~~~~~~~^~[m[K
[4.012s]       |                                                   [01;31m[K|[m[K
[4.012s]       |                                                   [01;31m[KViconDataStreamSDK::CPP::Output_IsConnected[m[K
[4.096s] In file included from [01m[K/home/frederik/Documents/P4/P4Git/AAU_P4_MONITOR_DRONE/ros2_ws/src/my_cpp_py_pkg/src/cpp_talker.cpp:2[m[K:
[4.096s] [01m[K/home/frederik/Documents/P4/P4Git/AAU_P4_MONITOR_DRONE/ros2_ws/src/my_cpp_py_pkg/include/my_cpp_py_pkg/cpp_header.hpp:[m[K In constructor â€˜[01m[KViconClient::ViconClient()[m[Kâ€™:
[4.096s] [01m[K/home/frederik/Documents/P4/P4Git/AAU_P4_MONITOR_DRONE/ros2_ws/src/my_cpp_py_pkg/include/my_cpp_py_pkg/cpp_header.hpp:37:51:[m[K [01;31m[Kerror: [m[Kcould not convert â€˜[01m[KViconRetimingClient.ViconDataStreamSDK::CPP::RetimingClient::IsConnected()[m[Kâ€™ from â€˜[01m[KViconDataStreamSDK::CPP::Output_IsConnected[m[Kâ€™ to â€˜[01m[Kbool[m[Kâ€™
[4.097s]    37 |             while ([01;31m[KViconRetimingClient.IsConnected()[m[K)
[4.097s]       |                    [01;31m[K~~~~~~~~~~~~~~~~~~~~~~~~~~~~~~~^~[m[K
[4.097s]       |                                                   [01;31m[K|[m[K
[4.097s]       |                                                   [01;31m[KViconDataStreamSDK::CPP::Output_IsConnected[m[K
[4.103s] In file included from [01m[K/home/frederik/Documents/P4/P4Git/AAU_P4_MONITOR_DRONE/ros2_ws/src/my_cpp_py_pkg/src/cpp_vicon.cpp:2[m[K:
[4.103s] [01m[K/home/frederik/Documents/P4/P4Git/AAU_P4_MONITOR_DRONE/ros2_ws/src/my_cpp_py_pkg/include/my_cpp_py_pkg/cpp_header.hpp:[m[K In constructor â€˜[01m[KViconClient::ViconClient()[m[Kâ€™:
[4.103s] [01m[K/home/frederik/Documents/P4/P4Git/AAU_P4_MONITOR_DRONE/ros2_ws/src/my_cpp_py_pkg/include/my_cpp_py_pkg/cpp_header.hpp:37:51:[m[K [01;31m[Kerror: [m[Kcould not convert â€˜[01m[KViconRetimingClient.ViconDataStreamSDK::CPP::RetimingClient::IsConnected()[m[Kâ€™ from â€˜[01m[KViconDataStreamSDK::CPP::Output_IsConnected[m[Kâ€™ to â€˜[01m[Kbool[m[Kâ€™
[4.103s]    37 |             while ([01;31m[KViconRetimingClient.IsConnected()[m[K)
[4.103s]       |                    [01;31m[K~~~~~~~~~~~~~~~~~~~~~~~~~~~~~~~^~[m[K
[4.104s]       |                                                   [01;31m[K|[m[K
[4.104s]       |                                                   [01;31m[KViconDataStreamSDK::CPP::Output_IsConnected[m[K
[4.644s] gmake[2]: *** [CMakeFiles/cpp_executable.dir/build.make:76: CMakeFiles/cpp_executable.dir/src/cpp_node.cpp.o] Error 1
[4.644s] gmake[1]: *** [CMakeFiles/Makefile2:144: CMakeFiles/cpp_executable.dir/all] Error 2
[4.644s] gmake[1]: *** Waiting for unfinished jobs....
[4.764s] gmake[2]: *** [CMakeFiles/vicon_node.dir/build.make:76: CMakeFiles/vicon_node.dir/src/cpp_vicon.cpp.o] Error 1
[4.765s] gmake[1]: *** [CMakeFiles/Makefile2:196: CMakeFiles/vicon_node.dir/all] Error 2
[4.799s] gmake[2]: *** [CMakeFiles/cpp_talker_node.dir/build.make:76: CMakeFiles/cpp_talker_node.dir/src/cpp_talker.cpp.o] Error 1
[4.799s] gmake[1]: *** [CMakeFiles/Makefile2:170: CMakeFiles/cpp_talker_node.dir/all] Error 2
[4.800s] gmake: *** [Makefile:146: all] Error 2
[4.804s] Invoked command in '/home/frederik/Documents/P4/P4Git/AAU_P4_MONITOR_DRONE/ros2_ws/build/my_cpp_py_pkg' returned '2': CMAKE_PREFIX_PATH=/opt/ros/humble /usr/bin/cmake --build /home/frederik/Documents/P4/P4Git/AAU_P4_MONITOR_DRONE/ros2_ws/build/my_cpp_py_pkg -- -j12 -l12
