[0.045s] Invoking command in '/home/ros2/Desktop/ros2_ws/build/my_robot_interfaces': CMAKE_PREFIX_PATH=${CMAKE_PREFIX_PATH}:/home/ros2/Desktop/ros2_ws/install/my_robot_controller:/home/ros2/ros2_ws/install/my_robot_controller:/opt/ros/humble /usr/bin/cmake --build /home/ros2/Desktop/ros2_ws/build/my_robot_interfaces -- -j1 -l1
[0.094s] -- Found ament_cmake: 1.3.4 (/opt/ros/humble/share/ament_cmake/cmake)
[0.884s] -- Found rosidl_default_generators: 1.2.0 (/opt/ros/humble/share/rosidl_default_generators/cmake)
[0.889s] -- Using all available rosidl_typesupport_c: rosidl_typesupport_fastrtps_c;rosidl_typesupport_introspection_c
[0.896s] -- Found rosidl_adapter: 3.1.4 (/opt/ros/humble/share/rosidl_adapter/cmake)
[0.986s] -- Using all available rosidl_typesupport_cpp: rosidl_typesupport_fastrtps_cpp;rosidl_typesupport_introspection_cpp
[1.475s] [31mCMake Error at /opt/ros/humble/share/rosidl_adapter/cmake/rosidl_adapt_interfaces.cmake:59 (message):
[1.477s]   execute_process(/usr/bin/python3.10 -m rosidl_adapter --package-name
[1.479s]   my_robot_interfaces --arguments-file
[1.482s]   /home/ros2/Desktop/ros2_ws/build/my_robot_interfaces/rosidl_adapter__arguments__my_robot_interfaces.json
[1.483s]   --output-dir
[1.483s]   /home/ros2/Desktop/ros2_ws/build/my_robot_interfaces/rosidl_adapter/my_robot_interfaces
[1.483s]   --output-file
[1.483s]   /home/ros2/Desktop/ros2_ws/build/my_robot_interfaces/rosidl_adapter/my_robot_interfaces.idls)
[1.483s]   returned error code 1:
[1.483s] 
[1.484s]   Error processing 'success: bool' of
[1.484s]   'my_robot_interfaces/StopPublishPath_Response': ''success:' is an invalid
[1.484s]   message name.  It should have the pattern '^[A-Z][A-Za-z0-9]*$''
[1.484s] 
[1.484s]   Traceback (most recent call last):
[1.484s] 
[1.484s]     File "/usr/lib/python3.10/runpy.py", line 196, in _run_module_as_main
[1.484s]       return _run_code(code, main_globals, None,
[1.485s]     File "/usr/lib/python3.10/runpy.py", line 86, in _run_code
[1.485s]       exec(code, run_globals)
[1.485s]     File "/opt/ros/humble/local/lib/python3.10/dist-packages/rosidl_adapter/__main__.py", line 19, in <module>
[1.485s]       sys.exit(main())
[1.485s]     File "/opt/ros/humble/local/lib/python3.10/dist-packages/rosidl_adapter/main.py", line 53, in main
[1.485s]       abs_idl_file = convert_to_idl(
[1.485s]     File "/opt/ros/humble/local/lib/python3.10/dist-packages/rosidl_adapter/__init__.py", line 24, in convert_to_idl
[1.485s]       return convert_srv_to_idl(
[1.485s]     File "/opt/ros/humble/local/lib/python3.10/dist-packages/rosidl_adapter/srv/__init__.py", line 28, in convert_srv_to_idl
[1.486s]       srv = parse_service_string(package_name, input_file.stem, content)
[1.486s]     File "/opt/ros/humble/local/lib/python3.10/dist-packages/rosidl_adapter/parser.py", line 863, in parse_service_string
[1.486s]       response_message = parse_message_string(
[1.486s]     File "/opt/ros/humble/local/lib/python3.10/dist-packages/rosidl_adapter/parser.py", line 520, in parse_message_string
[1.486s]       Type(type_string, context_package_name=pkg_name),
[1.486s]     File "/opt/ros/humble/local/lib/python3.10/dist-packages/rosidl_adapter/parser.py", line 277, in __init__
[1.486s]       super(Type, self).__init__(
[1.503s]     File "/opt/ros/humble/local/lib/python3.10/dist-packages/rosidl_adapter/parser.py", line 205, in __init__
[1.503s]       raise InvalidResourceName(
[1.503s] 
[1.503s]   rosidl_adapter.parser.InvalidResourceName: 'success:' is an invalid message
[1.503s]   name.  It should have the pattern '^[A-Z][A-Za-z0-9]*$'
[1.503s] 
[1.503s] Call Stack (most recent call first):
[1.504s]   /opt/ros/humble/share/rosidl_cmake/cmake/rosidl_generate_interfaces.cmake:130 (rosidl_adapt_interfaces)
[1.504s]   CMakeLists.txt:14 (rosidl_generate_interfaces)
[1.504s] 
[1.504s] [0m
[1.504s] -- Configuring incomplete, errors occurred!
[1.504s] See also "/home/ros2/Desktop/ros2_ws/build/my_robot_interfaces/CMakeFiles/CMakeOutput.log".
[1.519s] gmake: *** [Makefile:747: cmake_check_build_system] Error 1
[1.519s] Invoked command in '/home/ros2/Desktop/ros2_ws/build/my_robot_interfaces' returned '2': CMAKE_PREFIX_PATH=${CMAKE_PREFIX_PATH}:/home/ros2/Desktop/ros2_ws/install/my_robot_controller:/home/ros2/ros2_ws/install/my_robot_controller:/opt/ros/humble /usr/bin/cmake --build /home/ros2/Desktop/ros2_ws/build/my_robot_interfaces -- -j1 -l1
