[0.064s] Invoking command in '/home/ros2/Desktop/ros2_ws/build/my_robot_interfaces': CMAKE_PREFIX_PATH=${CMAKE_PREFIX_PATH}:/home/ros2/Desktop/ros2_ws/install/my_robot_controller:/home/ros2/ros2_ws/install/my_robot_controller:/opt/ros/humble /usr/bin/cmake --build /home/ros2/Desktop/ros2_ws/build/my_robot_interfaces -- -j1 -l1
[0.208s] -- Found ament_cmake: 1.3.4 (/opt/ros/humble/share/ament_cmake/cmake)
[0.981s] -- Found rosidl_default_generators: 1.2.0 (/opt/ros/humble/share/rosidl_default_generators/cmake)
[0.992s] -- Using all available rosidl_typesupport_c: rosidl_typesupport_fastrtps_c;rosidl_typesupport_introspection_c
[1.022s] -- Found rosidl_adapter: 3.1.4 (/opt/ros/humble/share/rosidl_adapter/cmake)
[1.245s] -- Using all available rosidl_typesupport_cpp: rosidl_typesupport_fastrtps_cpp;rosidl_typesupport_introspection_cpp
[2.176s] [31mCMake Error at /opt/ros/humble/share/rosidl_adapter/cmake/rosidl_adapt_interfaces.cmake:59 (message):
[2.176s]   execute_process(/usr/bin/python3.10 -m rosidl_adapter --package-name
[2.177s]   my_robot_interfaces --arguments-file
[2.180s]   /home/ros2/Desktop/ros2_ws/build/my_robot_interfaces/rosidl_adapter__arguments__my_robot_interfaces.json
[2.180s]   --output-dir
[2.182s]   /home/ros2/Desktop/ros2_ws/build/my_robot_interfaces/rosidl_adapter/my_robot_interfaces
[2.182s]   --output-file
[2.182s]   /home/ros2/Desktop/ros2_ws/build/my_robot_interfaces/rosidl_adapter/my_robot_interfaces.idls)
[2.182s]   returned error code 1:
[2.182s] 
[2.182s]   Error processing 'success: bool' of
[2.182s]   'my_robot_interfaces/StopPublishPath_Response': ''success:' is an invalid
[2.182s]   message name.  It should have the pattern '^[A-Z][A-Za-z0-9]*$''
[2.182s] 
[2.183s]   Traceback (most recent call last):
[2.183s] 
[2.183s]     File "/usr/lib/python3.10/runpy.py", line 196, in _run_module_as_main
[2.183s]       return _run_code(code, main_globals, None,
[2.183s]     File "/usr/lib/python3.10/runpy.py", line 86, in _run_code
[2.205s]       exec(code, run_globals)
[2.206s]     File "/opt/ros/humble/local/lib/python3.10/dist-packages/rosidl_adapter/__main__.py", line 19, in <module>
[2.206s]       sys.exit(main())
[2.206s]     File "/opt/ros/humble/local/lib/python3.10/dist-packages/rosidl_adapter/main.py", line 53, in main
[2.206s]       abs_idl_file = convert_to_idl(
[2.206s]     File "/opt/ros/humble/local/lib/python3.10/dist-packages/rosidl_adapter/__init__.py", line 24, in convert_to_idl
[2.206s]       return convert_srv_to_idl(
[2.207s]     File "/opt/ros/humble/local/lib/python3.10/dist-packages/rosidl_adapter/srv/__init__.py", line 28, in convert_srv_to_idl
[2.207s]       srv = parse_service_string(package_name, input_file.stem, content)
[2.207s]     File "/opt/ros/humble/local/lib/python3.10/dist-packages/rosidl_adapter/parser.py", line 863, in parse_service_string
[2.207s]       response_message = parse_message_string(
[2.207s]     File "/opt/ros/humble/local/lib/python3.10/dist-packages/rosidl_adapter/parser.py", line 520, in parse_message_string
[2.207s]       Type(type_string, context_package_name=pkg_name),
[2.207s]     File "/opt/ros/humble/local/lib/python3.10/dist-packages/rosidl_adapter/parser.py", line 277, in __init__
[2.207s]       super(Type, self).__init__(
[2.207s]     File "/opt/ros/humble/local/lib/python3.10/dist-packages/rosidl_adapter/parser.py", line 205, in __init__
[2.208s]       raise InvalidResourceName(
[2.208s] 
[2.208s]   rosidl_adapter.parser.InvalidResourceName: 'success:' is an invalid message
[2.208s]   name.  It should have the pattern '^[A-Z][A-Za-z0-9]*$'
[2.208s] 
[2.208s] Call Stack (most recent call first):
[2.208s]   /opt/ros/humble/share/rosidl_cmake/cmake/rosidl_generate_interfaces.cmake:130 (rosidl_adapt_interfaces)
[2.208s]   CMakeLists.txt:14 (rosidl_generate_interfaces)
[2.208s] 
[2.209s] [0m
[2.209s] -- Configuring incomplete, errors occurred!
[2.209s] See also "/home/ros2/Desktop/ros2_ws/build/my_robot_interfaces/CMakeFiles/CMakeOutput.log".
[2.218s] gmake: *** [Makefile:747: cmake_check_build_system] Error 1
[2.218s] Invoked command in '/home/ros2/Desktop/ros2_ws/build/my_robot_interfaces' returned '2': CMAKE_PREFIX_PATH=${CMAKE_PREFIX_PATH}:/home/ros2/Desktop/ros2_ws/install/my_robot_controller:/home/ros2/ros2_ws/install/my_robot_controller:/opt/ros/humble /usr/bin/cmake --build /home/ros2/Desktop/ros2_ws/build/my_robot_interfaces -- -j1 -l1
