[0.012s] Invoking command in '/home/frederik/Documents/P4/P4Git/AAU_P4_MONITOR_DRONE/ros2_ws/build/my_cpp_py_pkg': CMAKE_PREFIX_PATH=/opt/ros/humble /usr/bin/cmake --build /home/frederik/Documents/P4/P4Git/AAU_P4_MONITOR_DRONE/ros2_ws/build/my_cpp_py_pkg -- -j12 -l12
[0.067s] -- Found ament_cmake: 1.3.8 (/opt/ros/humble/share/ament_cmake/cmake)
[0.250s] -- Found rclcpp: 16.0.8 (/opt/ros/humble/share/rclcpp/cmake)
[0.281s] -- Found rosidl_generator_c: 3.1.5 (/opt/ros/humble/share/rosidl_generator_c/cmake)
[0.283s] -- Found rosidl_adapter: 3.1.5 (/opt/ros/humble/share/rosidl_adapter/cmake)
[0.288s] -- Found rosidl_generator_cpp: 3.1.5 (/opt/ros/humble/share/rosidl_generator_cpp/cmake)
[0.298s] -- Using all available rosidl_typesupport_c: rosidl_typesupport_fastrtps_c;rosidl_typesupport_introspection_c
[0.312s] -- Using all available rosidl_typesupport_cpp: rosidl_typesupport_fastrtps_cpp;rosidl_typesupport_introspection_cpp
[0.364s] -- Found rmw_implementation_cmake: 6.1.1 (/opt/ros/humble/share/rmw_implementation_cmake/cmake)
[0.365s] -- Found rmw_fastrtps_cpp: 6.2.6 (/opt/ros/humble/share/rmw_fastrtps_cpp/cmake)
[0.487s] -- Using RMW implementation 'rmw_fastrtps_cpp' as default
[0.632s] -- Found rclpy: 3.3.12 (/opt/ros/humble/share/rclpy/cmake)
[0.776s] -- Configuring done
[0.793s] -- Generating done
[0.796s] -- Build files have been written to: /home/frederik/Documents/P4/P4Git/AAU_P4_MONITOR_DRONE/ros2_ws/build/my_cpp_py_pkg
[0.823s] [35m[1mConsolidate compiler generated dependencies of target vicon_node[0m
[0.823s] [35m[1mConsolidate compiler generated dependencies of target cpp_talker_node[0m
[0.828s] [35m[1mConsolidate compiler generated dependencies of target cpp_executable[0m
[0.844s] [ 16%] [32mBuilding CXX object CMakeFiles/cpp_talker_node.dir/src/cpp_talker.cpp.o[0m
[0.849s] [ 33%] [32mBuilding CXX object CMakeFiles/cpp_executable.dir/src/cpp_node.cpp.o[0m
[0.850s] [ 50%] [32mBuilding CXX object CMakeFiles/vicon_node.dir/src/cpp_vicon.cpp.o[0m
[0.857s] [ 50%] Built target ament_cmake_python_copy_my_cpp_py_pkg
[1.056s] running egg_info
[1.057s] writing my_cpp_py_pkg.egg-info/PKG-INFO
[1.057s] writing dependency_links to my_cpp_py_pkg.egg-info/dependency_links.txt
[1.057s] writing top-level names to my_cpp_py_pkg.egg-info/top_level.txt
[1.059s] reading manifest file 'my_cpp_py_pkg.egg-info/SOURCES.txt'
[1.060s] writing manifest file 'my_cpp_py_pkg.egg-info/SOURCES.txt'
[1.089s] [ 50%] Built target ament_cmake_python_build_my_cpp_py_pkg_egg
[2.773s] In file included from [01m[K/home/frederik/Documents/P4/P4Git/AAU_P4_MONITOR_DRONE/ros2_ws/src/my_cpp_py_pkg/src/cpp_node.cpp:2[m[K:
[2.773s] [01m[K/home/frederik/Documents/P4/P4Git/AAU_P4_MONITOR_DRONE/ros2_ws/src/my_cpp_py_pkg/include/my_cpp_py_pkg/cpp_header.hpp:[m[K In constructor â€˜[01m[KViconClient::ViconClient()[m[Kâ€™:
[2.774s] [01m[K/home/frederik/Documents/P4/P4Git/AAU_P4_MONITOR_DRONE/ros2_ws/src/my_cpp_py_pkg/include/my_cpp_py_pkg/cpp_header.hpp:37:51:[m[K [01;31m[Kerror: [m[Kcould not convert â€˜[01m[KViconRetimingClient.ViconDataStreamSDK::CPP::RetimingClient::IsConnected()[m[Kâ€™ from â€˜[01m[KViconDataStreamSDK::CPP::Output_IsConnected[m[Kâ€™ to â€˜[01m[Kbool[m[Kâ€™
[2.774s]    37 |             while ([01;31m[KViconRetimingClient.IsConnected()[m[K)
[2.774s]       |                    [01;31m[K~~~~~~~~~~~~~~~~~~~~~~~~~~~~~~~^~[m[K
[2.774s]       |                                                   [01;31m[K|[m[K
[2.774s]       |                                                   [01;31m[KViconDataStreamSDK::CPP::Output_IsConnected[m[K
[2.878s] In file included from [01m[K/home/frederik/Documents/P4/P4Git/AAU_P4_MONITOR_DRONE/ros2_ws/src/my_cpp_py_pkg/src/cpp_vicon.cpp:2[m[K:
[2.878s] [01m[K/home/frederik/Documents/P4/P4Git/AAU_P4_MONITOR_DRONE/ros2_ws/src/my_cpp_py_pkg/include/my_cpp_py_pkg/cpp_header.hpp:[m[K In constructor â€˜[01m[KViconClient::ViconClient()[m[Kâ€™:
[2.878s] [01m[K/home/frederik/Documents/P4/P4Git/AAU_P4_MONITOR_DRONE/ros2_ws/src/my_cpp_py_pkg/include/my_cpp_py_pkg/cpp_header.hpp:37:51:[m[K [01;31m[Kerror: [m[Kcould not convert â€˜[01m[KViconRetimingClient.ViconDataStreamSDK::CPP::RetimingClient::IsConnected()[m[Kâ€™ from â€˜[01m[KViconDataStreamSDK::CPP::Output_IsConnected[m[Kâ€™ to â€˜[01m[Kbool[m[Kâ€™
[2.878s]    37 |             while ([01;31m[KViconRetimingClient.IsConnected()[m[K)
[2.878s]       |                    [01;31m[K~~~~~~~~~~~~~~~~~~~~~~~~~~~~~~~^~[m[K
[2.878s]       |                                                   [01;31m[K|[m[K
[2.878s]       |                                                   [01;31m[KViconDataStreamSDK::CPP::Output_IsConnected[m[K
[2.883s] In file included from [01m[K/home/frederik/Documents/P4/P4Git/AAU_P4_MONITOR_DRONE/ros2_ws/src/my_cpp_py_pkg/src/cpp_talker.cpp:2[m[K:
[2.883s] [01m[K/home/frederik/Documents/P4/P4Git/AAU_P4_MONITOR_DRONE/ros2_ws/src/my_cpp_py_pkg/include/my_cpp_py_pkg/cpp_header.hpp:[m[K In constructor â€˜[01m[KViconClient::ViconClient()[m[Kâ€™:
[2.883s] [01m[K/home/frederik/Documents/P4/P4Git/AAU_P4_MONITOR_DRONE/ros2_ws/src/my_cpp_py_pkg/include/my_cpp_py_pkg/cpp_header.hpp:37:51:[m[K [01;31m[Kerror: [m[Kcould not convert â€˜[01m[KViconRetimingClient.ViconDataStreamSDK::CPP::RetimingClient::IsConnected()[m[Kâ€™ from â€˜[01m[KViconDataStreamSDK::CPP::Output_IsConnected[m[Kâ€™ to â€˜[01m[Kbool[m[Kâ€™
[2.884s]    37 |             while ([01;31m[KViconRetimingClient.IsConnected()[m[K)
[2.884s]       |                    [01;31m[K~~~~~~~~~~~~~~~~~~~~~~~~~~~~~~~^~[m[K
[2.884s]       |                                                   [01;31m[K|[m[K
[2.884s]       |                                                   [01;31m[KViconDataStreamSDK::CPP::Output_IsConnected[m[K
[3.400s] gmake[2]: *** [CMakeFiles/cpp_executable.dir/build.make:76: CMakeFiles/cpp_executable.dir/src/cpp_node.cpp.o] Error 1
[3.401s] gmake[1]: *** [CMakeFiles/Makefile2:144: CMakeFiles/cpp_executable.dir/all] Error 2
[3.401s] gmake[1]: *** Waiting for unfinished jobs....
[3.538s] gmake[2]: *** [CMakeFiles/vicon_node.dir/build.make:76: CMakeFiles/vicon_node.dir/src/cpp_vicon.cpp.o] Error 1
[3.538s] gmake[1]: *** [CMakeFiles/Makefile2:196: CMakeFiles/vicon_node.dir/all] Error 2
[3.587s] gmake[2]: *** [CMakeFiles/cpp_talker_node.dir/build.make:76: CMakeFiles/cpp_talker_node.dir/src/cpp_talker.cpp.o] Error 1
[3.588s] gmake[1]: *** [CMakeFiles/Makefile2:170: CMakeFiles/cpp_talker_node.dir/all] Error 2
[3.588s] gmake: *** [Makefile:146: all] Error 2
[3.594s] Invoked command in '/home/frederik/Documents/P4/P4Git/AAU_P4_MONITOR_DRONE/ros2_ws/build/my_cpp_py_pkg' returned '2': CMAKE_PREFIX_PATH=/opt/ros/humble /usr/bin/cmake --build /home/frederik/Documents/P4/P4Git/AAU_P4_MONITOR_DRONE/ros2_ws/build/my_cpp_py_pkg -- -j12 -l12
